<?xml version="1.0" encoding="UTF-8"?>
<!-- Generated by org.testng.reporters.JUnitReportReporter -->
<testsuite hostname="DESKTOP-SVHOJRM" failures="0" tests="8" name="testcases.UserTests" time="5.705" errors="0" timestamp="2025-02-23T16:18:22 IST" skipped="0">
  <testcase classname="testcases.UserTests" name="testGetUserById" time="0.697"/>
  <system-out/>
  <testcase classname="testcases.UserTests" name="testDeleteUser" time="0.589"/>
  <system-out/>
  <testcase classname="testcases.UserTests" name="testGetAllUsers" time="0.740"/>
  <system-out/>
  <testcase classname="testcases.UserTests" name="testGetUsersSorted" time="0.737"/>
  <system-out/>
  <testcase classname="testcases.UserTests" name="testCreateUser" time="0.903"/>
  <system-out/>
  <testcase classname="testcases.UserTests" name="testUpdateUser" time="0.615"/>
  <system-out/>
  <testcase classname="testcases.UserTests" name="testGetUsersSortedAsc" time="0.720"/>
  <system-out/>
  <testcase classname="testcases.UserTests" name="testGetUsersWithLimit" time="0.704"/>
  <system-out/>
</testsuite> <!-- testcases.UserTests -->
