<?xml version="1.0" encoding="UTF-8"?>
<!-- Generated by org.testng.reporters.JUnitReportReporter -->
<testsuite hostname="DESKTOP-SVHOJRM" failures="0" tests="2" name="testcases.LoginTests" time="1.544" errors="0" timestamp="2025-02-23T16:18:22 IST" skipped="0">
  <testcase classname="testcases.LoginTests" name="testInvalidUserLogin" time="0.837"/>
  <system-out/>
  <testcase classname="testcases.LoginTests" name="testValidUserLogin" time="0.707"/>
  <system-out/>
</testsuite> <!-- testcases.LoginTests -->
