<?xml version="1.0" encoding="UTF-8"?>
<!-- Generated by org.testng.reporters.JUnitReportReporter -->
<testsuite hostname="DESKTOP-SVHOJRM" failures="0" tests="3" name="testcases.SchemaTests" time="2.404" errors="0" timestamp="2025-02-23T16:18:22 IST" skipped="0">
  <testcase classname="testcases.SchemaTests" name="testCartSchema" time="1.135"/>
  <system-out/>
  <testcase classname="testcases.SchemaTests" name="testProductSchema" time="0.565"/>
  <system-out/>
  <testcase classname="testcases.SchemaTests" name="testUserSchema" time="0.704"/>
  <system-out/>
</testsuite> <!-- testcases.SchemaTests -->
