<?xml version="1.0" encoding="UTF-8"?>
<!-- Generated by org.testng.reporters.JUnitReportReporter -->
<testsuite hostname="DESKTOP-SVHOJRM" failures="0" tests="5" name="testcases.ProductDataDrivenTest" time="11.750" errors="0" timestamp="2025-02-14T18:24:09 IST" skipped="0">
  <testcase classname="testcases.ProductDataDrivenTest" name="AddNewProduct" time="1.366"/>
  <system-out/>
  <testcase classname="testcases.ProductDataDrivenTest" name="AddNewProduct" time="5.598"/>
  <system-out/>
  <testcase classname="testcases.ProductDataDrivenTest" name="AddNewProduct" time="1.486"/>
  <system-out/>
  <testcase classname="testcases.ProductDataDrivenTest" name="AddNewProduct" time="1.389"/>
  <system-out/>
  <testcase classname="testcases.ProductDataDrivenTest" name="AddNewProduct" time="1.911"/>
  <system-out/>
</testsuite> <!-- testcases.ProductDataDrivenTest -->
