<?xml version="1.0" encoding="UTF-8"?>
<!-- Generated by org.testng.reporters.JUnitReportReporter -->
<testsuite hostname="DESKTOP-SVHOJRM" failures="0" tests="10" name="testcases.CartTests" time="7.021" errors="0" timestamp="2025-02-23T16:18:22 IST" skipped="0">
  <testcase classname="testcases.CartTests" name="testCreateCart" time="0.725"/>
  <system-out/>
  <testcase classname="testcases.CartTests" name="testDeleteCart" time="0.680"/>
  <system-out/>
  <testcase classname="testcases.CartTests" name="testGetCartsSorted" time="0.730"/>
  <system-out/>
  <testcase classname="testcases.CartTests" name="testGetUserCart" time="0.714"/>
  <system-out/>
  <testcase classname="testcases.CartTests" name="testGetCartsSortedAsc" time="0.690"/>
  <system-out/>
  <testcase classname="testcases.CartTests" name="testGetCartsWithLimit" time="0.682"/>
  <system-out/>
  <testcase classname="testcases.CartTests" name="testGetCartsByDateRange" time="0.747"/>
  <system-out/>
  <testcase classname="testcases.CartTests" name="testGetAllCarts" time="0.708"/>
  <system-out/>
  <testcase classname="testcases.CartTests" name="testGetCartById" time="0.681"/>
  <system-out/>
  <testcase classname="testcases.CartTests" name="testUpdateCart" time="0.664"/>
  <system-out/>
</testsuite> <!-- testcases.CartTests -->
