<?xml version="1.0" encoding="UTF-8"?>
<!-- Generated by org.testng.reporters.JUnitReportReporter -->
<testsuite hostname="DESKTOP-SVHOJRM" failures="0" tests="10" name="testcases.CartTests" time="12.285" errors="0" timestamp="2025-02-20T18:28:24 IST" skipped="0">
  <testcase classname="testcases.CartTests" name="testGetCartById" time="0.707"/>
  <system-out/>
  <testcase classname="testcases.CartTests" name="testGetCartsSorted" time="0.779"/>
  <system-out/>
  <testcase classname="testcases.CartTests" name="testDeleteCart" time="1.785"/>
  <system-out/>
  <testcase classname="testcases.CartTests" name="testGetUserCart" time="0.698"/>
  <system-out/>
  <testcase classname="testcases.CartTests" name="testGetCartsWithLimit" time="0.710"/>
  <system-out/>
  <testcase classname="testcases.CartTests" name="testGetCartsSortedAsc" time="0.779"/>
  <system-out/>
  <testcase classname="testcases.CartTests" name="testUpdateCart" time="0.615"/>
  <system-out/>
  <testcase classname="testcases.CartTests" name="testCreateCart" time="4.645"/>
  <system-out/>
  <testcase classname="testcases.CartTests" name="testGetAllCarts" time="0.788"/>
  <system-out/>
  <testcase classname="testcases.CartTests" name="testGetCartsByDateRange" time="0.779"/>
  <system-out/>
</testsuite> <!-- testcases.CartTests -->
