<?xml version="1.0" encoding="UTF-8"?>
<!-- Generated by org.testng.reporters.JUnitReportReporter -->
<testsuite hostname="DESKTOP-SVHOJRM" failures="0" tests="2" name="testcases.LoginTests" time="1.744" errors="0" timestamp="2025-02-20T18:28:24 IST" skipped="0">
  <testcase classname="testcases.LoginTests" name="testInvalidUserLogin" time="0.942"/>
  <system-out/>
  <testcase classname="testcases.LoginTests" name="testValidUserLogin" time="0.802"/>
  <system-out/>
</testsuite> <!-- testcases.LoginTests -->
