<?xml version="1.0" encoding="UTF-8"?>
<!-- Generated by org.testng.reporters.JUnitReportReporter -->
<testsuite hostname="DESKTOP-SVHOJRM" failures="0" tests="10" name="testcases.ProductTests" time="10.069" errors="0" timestamp="2025-02-23T16:18:22 IST" skipped="0">
  <testcase classname="testcases.ProductTests" name="testGetProductsByCategory" time="0.734"/>
  <system-out/>
  <testcase classname="testcases.ProductTests" name="testUpdateProduct" time="0.617"/>
  <system-out/>
  <testcase classname="testcases.ProductTests" name="testAddNewProduct" time="4.003"/>
  <system-out/>
  <testcase classname="testcases.ProductTests" name="testGetAllProducts" time="0.706"/>
  <system-out/>
  <testcase classname="testcases.ProductTests" name="testGetSingleProductById" time="0.598"/>
  <system-out/>
  <testcase classname="testcases.ProductTests" name="testDeleteProduct" time="0.742"/>
  <system-out/>
  <testcase classname="testcases.ProductTests" name="testGetAllCategories" time="0.654"/>
  <system-out/>
  <testcase classname="testcases.ProductTests" name="testGetLimitedProducts" time="0.637"/>
  <system-out/>
  <testcase classname="testcases.ProductTests" name="testGetSortedProducts" time="0.725"/>
  <system-out/>
  <testcase classname="testcases.ProductTests" name="testGetSortedProductsAsc" time="0.653"/>
  <system-out/>
</testsuite> <!-- testcases.ProductTests -->
