<?xml version="1.0" encoding="UTF-8"?>
<!-- Generated by org.testng.reporters.JUnitReportReporter -->
<testsuite hostname="DESKTOP-SVHOJRM" failures="0" tests="8" name="testcases.UserTests" time="10.652" errors="0" timestamp="2025-02-20T18:28:24 IST" skipped="0">
  <testcase classname="testcases.UserTests" name="testGetAllUsers" time="0.737"/>
  <system-out/>
  <testcase classname="testcases.UserTests" name="testGetUserById" time="0.696"/>
  <system-out/>
  <testcase classname="testcases.UserTests" name="testCreateUser" time="4.626"/>
  <system-out/>
  <testcase classname="testcases.UserTests" name="testDeleteUser" time="1.685"/>
  <system-out/>
  <testcase classname="testcases.UserTests" name="testGetUsersSorted" time="0.903"/>
  <system-out/>
  <testcase classname="testcases.UserTests" name="testGetUsersSortedAsc" time="0.740"/>
  <system-out/>
  <testcase classname="testcases.UserTests" name="testUpdateUser" time="0.573"/>
  <system-out/>
  <testcase classname="testcases.UserTests" name="testGetUsersWithLimit" time="0.692"/>
  <system-out/>
</testsuite> <!-- testcases.UserTests -->
