<?xml version="1.0" encoding="UTF-8"?>
<!-- Generated by org.testng.reporters.JUnitReportReporter -->
<testsuite hostname="DESKTOP-SVHOJRM" failures="0" tests="10" name="testcases.ProductTests" time="11.539" errors="0" timestamp="2025-02-20T18:28:24 IST" skipped="0">
  <testcase classname="testcases.ProductTests" name="testAddNewProduct" time="4.625"/>
  <system-out/>
  <testcase classname="testcases.ProductTests" name="testGetSortedProductsAsc" time="0.594"/>
  <system-out/>
  <testcase classname="testcases.ProductTests" name="testDeleteProduct" time="1.791"/>
  <system-out/>
  <testcase classname="testcases.ProductTests" name="testGetAllProducts" time="0.643"/>
  <system-out/>
  <testcase classname="testcases.ProductTests" name="testGetProductsByCategory" time="0.743"/>
  <system-out/>
  <testcase classname="testcases.ProductTests" name="testGetSortedProducts" time="0.603"/>
  <system-out/>
  <testcase classname="testcases.ProductTests" name="testGetSingleProductById" time="0.570"/>
  <system-out/>
  <testcase classname="testcases.ProductTests" name="testGetAllCategories" time="0.586"/>
  <system-out/>
  <testcase classname="testcases.ProductTests" name="testGetLimitedProducts" time="0.783"/>
  <system-out/>
  <testcase classname="testcases.ProductTests" name="testUpdateProduct" time="0.601"/>
  <system-out/>
</testsuite> <!-- testcases.ProductTests -->
