<?xml version="1.0" encoding="UTF-8"?>
<!-- Generated by org.testng.reporters.JUnitReportReporter -->
<testsuite hostname="DESKTOP-SVHOJRM" failures="0" tests="3" name="testcases.SchemaTests" time="2.913" errors="0" timestamp="2025-02-20T18:28:24 IST" skipped="0">
  <testcase classname="testcases.SchemaTests" name="testCartSchema" time="1.228"/>
  <system-out/>
  <testcase classname="testcases.SchemaTests" name="testProductSchema" time="0.926"/>
  <system-out/>
  <testcase classname="testcases.SchemaTests" name="testUserSchema" time="0.759"/>
  <system-out/>
</testsuite> <!-- testcases.SchemaTests -->
